#-----------------------------------------------------------
# Vivado v2020.1 (64-bit)
# SW Build 2902540 on Wed May 27 19:54:49 MDT 2020
# IP Build 2902112 on Wed May 27 22:43:36 MDT 2020
# Start of session at: Wed Nov 27 14:39:16 2024
# Process ID: 13712
# Current directory: C:/Users/sk08996/Downloads/Plinko-DLD-Project-Scoring/Plinko-DLD-Project-Scoring
# Command line: vivado.exe -gui_launcher_event rodinguilauncherevent2368 C:\Users\sk08996\Downloads\Plinko-DLD-Project-Scoring\Plinko-DLD-Project-Scoring\dldProject.xpr
# Log file: C:/Users/sk08996/Downloads/Plinko-DLD-Project-Scoring/Plinko-DLD-Project-Scoring/vivado.log
# Journal file: C:/Users/sk08996/Downloads/Plinko-DLD-Project-Scoring/Plinko-DLD-Project-Scoring\vivado.jou
#-----------------------------------------------------------
start_gui
open_project C:/Users/sk08996/Downloads/Plinko-DLD-Project-Scoring/Plinko-DLD-Project-Scoring/dldProject.xpr
INFO: [Project 1-313] Project file moved from 'C:/Users/ahmed/dldProject' since last save.
CRITICAL WARNING: [Project 1-311] Could not find the file 'C:/Users/sk08996/Downloads/Plinko-DLD-Project-Scoring/LR_Lab_12/LR_Lab_12.srcs/sources_1/new/clk_div.v', nor could it be found using path 'C:/Users/ahmed/LR_Lab_12/LR_Lab_12.srcs/sources_1/new/clk_div.v'.
Scanning sources...
Finished scanning sources
INFO: [IP_Flow 19-234] Refreshing IP repositories
INFO: [IP_Flow 19-1704] No user IP repositories specified
INFO: [IP_Flow 19-2313] Loaded Vivado IP repository 'C:/Xilinx/Vivado/2020.1/data/ip'.
open_project: Time (s): cpu = 00:00:16 ; elapsed = 00:00:05 . Memory (MB): peak = 1025.883 ; gain = 0.000
update_compile_order -fileset sources_1
update_compile_order -fileset sources_1
reset_run synth_1
launch_runs synth_1 -jobs 10
[Wed Nov 27 15:48:00 2024] Launched synth_1...
Run output will be captured here: C:/Users/sk08996/Downloads/Plinko-DLD-Project-Scoring/Plinko-DLD-Project-Scoring/dldProject.runs/synth_1/runme.log
launch_runs impl_1 -jobs 10
[Wed Nov 27 15:48:31 2024] Launched impl_1...
Run output will be captured here: C:/Users/sk08996/Downloads/Plinko-DLD-Project-Scoring/Plinko-DLD-Project-Scoring/dldProject.runs/impl_1/runme.log
open_run impl_1
INFO: [Device 21-403] Loading part xc7a35tcpg236-1
Netlist sorting complete. Time (s): cpu = 00:00:00 ; elapsed = 00:00:00 . Memory (MB): peak = 1205.910 ; gain = 0.000
INFO: [Project 1-479] Netlist was created with Vivado 2020.1
INFO: [Project 1-570] Preparing netlist for logic optimization
INFO: [Timing 38-478] Restoring timing data from binary archive.
INFO: [Timing 38-479] Binary timing data restore complete.
INFO: [Project 1-856] Restoring constraints from binary archive.
INFO: [Project 1-853] Binary constraint restore complete.
Reading XDEF placement.
Reading placer database...
Reading XDEF routing.
Read XDEF File: Time (s): cpu = 00:00:00 ; elapsed = 00:00:00.019 . Memory (MB): peak = 1837.562 ; gain = 0.000
Restored from archive | CPU: 0.000000 secs | Memory: 0.000000 MB |
Finished XDEF File Restore: Time (s): cpu = 00:00:00 ; elapsed = 00:00:00.019 . Memory (MB): peak = 1837.562 ; gain = 0.000
Netlist sorting complete. Time (s): cpu = 00:00:00 ; elapsed = 00:00:00 . Memory (MB): peak = 1837.562 ; gain = 0.000
INFO: [Project 1-111] Unisim Transformation Summary:
No Unisim elements were transformed.

open_run: Time (s): cpu = 00:00:14 ; elapsed = 00:00:11 . Memory (MB): peak = 1978.848 ; gain = 950.309
launch_runs impl_1 -to_step write_bitstream -jobs 10
[Wed Nov 27 15:50:04 2024] Launched impl_1...
Run output will be captured here: C:/Users/sk08996/Downloads/Plinko-DLD-Project-Scoring/Plinko-DLD-Project-Scoring/dldProject.runs/impl_1/runme.log
open_hw_manager
connect_hw_server -allow_non_jtag
INFO: [Labtools 27-2285] Connecting to hw_server url TCP:localhost:3121
INFO: [Labtools 27-2222] Launching hw_server...
INFO: [Labtools 27-2221] Launch Output:

****** Xilinx hw_server v2020.1
  **** Build date : May 27 2020 at 20:24:38
    ** Copyright 1986-2020 Xilinx, Inc. All Rights Reserved.


INFO: [Labtools 27-3415] Connecting to cs_server url TCP:localhost:3042
INFO: [Labtools 27-3417] Launching cs_server...
INFO: [Labtools 27-2221] Launch Output:


****** Xilinx cs_server v2020.1.0
  **** Build date : May 14 2020-06:10:29
    ** Copyright 2017-2020 Xilinx, Inc. All Rights Reserved.



connect_hw_server: Time (s): cpu = 00:00:00 ; elapsed = 00:00:09 . Memory (MB): peak = 2024.652 ; gain = 20.348
open_hw_target
INFO: [Labtoolstcl 44-466] Opening hw_target localhost:3121/xilinx_tcf/Digilent/210183AF304FA
set_property PROGRAM.FILE {C:/Users/sk08996/Downloads/Plinko-DLD-Project-Scoring/Plinko-DLD-Project-Scoring/dldProject.runs/impl_1/TopLevelModule.bit} [get_hw_devices xc7a35t_0]
current_hw_device [get_hw_devices xc7a35t_0]
refresh_hw_device -update_hw_probes false [lindex [get_hw_devices xc7a35t_0] 0]
INFO: [Labtools 27-1434] Device xc7a35t (JTAG device index = 0) is programmed with a design that has no supported debug core(s) in it.
set_property PROBES.FILE {} [get_hw_devices xc7a35t_0]
set_property FULL_PROBES.FILE {} [get_hw_devices xc7a35t_0]
set_property PROGRAM.FILE {C:/Users/sk08996/Downloads/Plinko-DLD-Project-Scoring/Plinko-DLD-Project-Scoring/dldProject.runs/impl_1/TopLevelModule.bit} [get_hw_devices xc7a35t_0]
program_hw_devices [get_hw_devices xc7a35t_0]
INFO: [Labtools 27-3164] End of startup status: HIGH
refresh_hw_device [lindex [get_hw_devices xc7a35t_0] 0]
INFO: [Labtools 27-1434] Device xc7a35t (JTAG device index = 0) is programmed with a design that has no supported debug core(s) in it.
update_compile_order -fileset sources_1
reset_run synth_1
launch_runs synth_1 -jobs 10
[Wed Nov 27 15:52:20 2024] Launched synth_1...
Run output will be captured here: C:/Users/sk08996/Downloads/Plinko-DLD-Project-Scoring/Plinko-DLD-Project-Scoring/dldProject.runs/synth_1/runme.log
launch_runs impl_1 -jobs 10
[Wed Nov 27 15:52:54 2024] Launched impl_1...
Run output will be captured here: C:/Users/sk08996/Downloads/Plinko-DLD-Project-Scoring/Plinko-DLD-Project-Scoring/dldProject.runs/impl_1/runme.log
launch_runs impl_1 -to_step write_bitstream -jobs 10
[Wed Nov 27 15:53:39 2024] Launched impl_1...
Run output will be captured here: C:/Users/sk08996/Downloads/Plinko-DLD-Project-Scoring/Plinko-DLD-Project-Scoring/dldProject.runs/impl_1/runme.log
set_property PROBES.FILE {} [get_hw_devices xc7a35t_0]
set_property FULL_PROBES.FILE {} [get_hw_devices xc7a35t_0]
set_property PROGRAM.FILE {C:/Users/sk08996/Downloads/Plinko-DLD-Project-Scoring/Plinko-DLD-Project-Scoring/dldProject.runs/impl_1/TopLevelModule.bit} [get_hw_devices xc7a35t_0]
program_hw_devices [get_hw_devices xc7a35t_0]
INFO: [Labtools 27-3164] End of startup status: HIGH
refresh_hw_device [lindex [get_hw_devices xc7a35t_0] 0]
INFO: [Labtools 27-1434] Device xc7a35t (JTAG device index = 0) is programmed with a design that has no supported debug core(s) in it.
ERROR: [Labtoolstcl 44-513] HW Target shutdown. Closing target: localhost:3121/xilinx_tcf/Digilent/210183AF304FA
disconnect_hw_server localhost:3121
connect_hw_server -allow_non_jtag
INFO: [Labtools 27-2285] Connecting to hw_server url TCP:localhost:3121
INFO: [Labtools 27-3415] Connecting to cs_server url TCP:localhost:3042
INFO: [Labtools 27-3414] Connected to existing cs_server.
open_hw_target
INFO: [Labtoolstcl 44-466] Opening hw_target localhost:3121/xilinx_tcf/Digilent/210183AF3047A
set_property PROGRAM.FILE {C:/Users/sk08996/Downloads/Plinko-DLD-Project-Scoring/Plinko-DLD-Project-Scoring/dldProject.runs/impl_1/TopLevelModule.bit} [get_hw_devices xc7a35t_0]
current_hw_device [get_hw_devices xc7a35t_0]
refresh_hw_device -update_hw_probes false [lindex [get_hw_devices xc7a35t_0] 0]
INFO: [Labtools 27-1435] Device xc7a35t (JTAG device index = 0) is not programmed (DONE status = 0).
refresh_hw_device [lindex [get_hw_devices xc7a35t_0] 0]
INFO: [Labtools 27-1435] Device xc7a35t (JTAG device index = 0) is not programmed (DONE status = 0).
set_property PROBES.FILE {} [get_hw_devices xc7a35t_0]
set_property FULL_PROBES.FILE {} [get_hw_devices xc7a35t_0]
set_property PROGRAM.FILE {C:/Users/sk08996/Downloads/Plinko-DLD-Project-Scoring/Plinko-DLD-Project-Scoring/dldProject.runs/impl_1/TopLevelModule.bit} [get_hw_devices xc7a35t_0]
program_hw_devices [get_hw_devices xc7a35t_0]
INFO: [Labtools 27-3164] End of startup status: HIGH
refresh_hw_device [lindex [get_hw_devices xc7a35t_0] 0]
INFO: [Labtools 27-1434] Device xc7a35t (JTAG device index = 0) is programmed with a design that has no supported debug core(s) in it.
reset_run synth_1
launch_runs synth_1 -jobs 10
[Wed Nov 27 16:11:43 2024] Launched synth_1...
Run output will be captured here: C:/Users/sk08996/Downloads/Plinko-DLD-Project-Scoring/Plinko-DLD-Project-Scoring/dldProject.runs/synth_1/runme.log
launch_runs impl_1 -jobs 10
[Wed Nov 27 16:12:15 2024] Launched impl_1...
Run output will be captured here: C:/Users/sk08996/Downloads/Plinko-DLD-Project-Scoring/Plinko-DLD-Project-Scoring/dldProject.runs/impl_1/runme.log
launch_runs impl_1 -to_step write_bitstream -jobs 10
[Wed Nov 27 16:12:57 2024] Launched impl_1...
Run output will be captured here: C:/Users/sk08996/Downloads/Plinko-DLD-Project-Scoring/Plinko-DLD-Project-Scoring/dldProject.runs/impl_1/runme.log
set_property PROBES.FILE {} [get_hw_devices xc7a35t_0]
set_property FULL_PROBES.FILE {} [get_hw_devices xc7a35t_0]
set_property PROGRAM.FILE {C:/Users/sk08996/Downloads/Plinko-DLD-Project-Scoring/Plinko-DLD-Project-Scoring/dldProject.runs/impl_1/TopLevelModule.bit} [get_hw_devices xc7a35t_0]
program_hw_devices [get_hw_devices xc7a35t_0]
INFO: [Labtools 27-3164] End of startup status: HIGH
refresh_hw_device [lindex [get_hw_devices xc7a35t_0] 0]
INFO: [Labtools 27-1434] Device xc7a35t (JTAG device index = 0) is programmed with a design that has no supported debug core(s) in it.
refresh_hw_device [lindex [get_hw_devices xc7a35t_0] 0]
INFO: [Labtools 27-1435] Device xc7a35t (JTAG device index = 0) is not programmed (DONE status = 0).
close [ open {C:/Users/sk08996/Downloads/Plinko-DLD-Project-Scoring/Plinko-DLD-Project-Scoring/dldProject.srcs/sources_1/new/score_digit_rom digit_rom.v} w ]
add_files {{C:/Users/sk08996/Downloads/Plinko-DLD-Project-Scoring/Plinko-DLD-Project-Scoring/dldProject.srcs/sources_1/new/score_digit_rom digit_rom.v}}
update_compile_order -fileset sources_1
update_compile_order -fileset sources_1
reset_run synth_1
launch_runs synth_1 -jobs 10
[Wed Nov 27 16:27:08 2024] Launched synth_1...
Run output will be captured here: C:/Users/sk08996/Downloads/Plinko-DLD-Project-Scoring/Plinko-DLD-Project-Scoring/dldProject.runs/synth_1/runme.log
launch_runs impl_1 -jobs 10
[Wed Nov 27 16:27:41 2024] Launched impl_1...
Run output will be captured here: C:/Users/sk08996/Downloads/Plinko-DLD-Project-Scoring/Plinko-DLD-Project-Scoring/dldProject.runs/impl_1/runme.log
launch_runs impl_1 -to_step write_bitstream -jobs 10
[Wed Nov 27 16:28:37 2024] Launched impl_1...
Run output will be captured here: C:/Users/sk08996/Downloads/Plinko-DLD-Project-Scoring/Plinko-DLD-Project-Scoring/dldProject.runs/impl_1/runme.log
set_property PROBES.FILE {} [get_hw_devices xc7a35t_0]
set_property FULL_PROBES.FILE {} [get_hw_devices xc7a35t_0]
set_property PROGRAM.FILE {C:/Users/sk08996/Downloads/Plinko-DLD-Project-Scoring/Plinko-DLD-Project-Scoring/dldProject.runs/impl_1/TopLevelModule.bit} [get_hw_devices xc7a35t_0]
program_hw_devices [get_hw_devices xc7a35t_0]
INFO: [Labtools 27-3164] End of startup status: HIGH
refresh_hw_device [lindex [get_hw_devices xc7a35t_0] 0]
INFO: [Labtools 27-1434] Device xc7a35t (JTAG device index = 0) is programmed with a design that has no supported debug core(s) in it.
reset_run synth_1
launch_runs synth_1 -jobs 10
[Wed Nov 27 16:31:04 2024] Launched synth_1...
Run output will be captured here: C:/Users/sk08996/Downloads/Plinko-DLD-Project-Scoring/Plinko-DLD-Project-Scoring/dldProject.runs/synth_1/runme.log
launch_runs impl_1 -jobs 10
[Wed Nov 27 16:31:33 2024] Launched impl_1...
Run output will be captured here: C:/Users/sk08996/Downloads/Plinko-DLD-Project-Scoring/Plinko-DLD-Project-Scoring/dldProject.runs/impl_1/runme.log
refresh_design
Netlist sorting complete. Time (s): cpu = 00:00:00 ; elapsed = 00:00:00.001 . Memory (MB): peak = 3457.902 ; gain = 0.000
INFO: [Netlist 29-17] Analyzing 1 Unisim elements for replacement
INFO: [Netlist 29-28] Unisim Transformation completed in 0 CPU seconds
INFO: [Project 1-479] Netlist was created with Vivado 2020.1
INFO: [Project 1-570] Preparing netlist for logic optimization
INFO: [Timing 38-478] Restoring timing data from binary archive.
INFO: [Timing 38-479] Binary timing data restore complete.
INFO: [Project 1-856] Restoring constraints from binary archive.
INFO: [Project 1-853] Binary constraint restore complete.
Reading XDEF placement.
Reading placer database...
Reading XDEF routing.
Read XDEF File: Time (s): cpu = 00:00:00 ; elapsed = 00:00:00.028 . Memory (MB): peak = 3478.285 ; gain = 0.000
Restored from archive | CPU: 0.000000 secs | Memory: 0.000000 MB |
Finished XDEF File Restore: Time (s): cpu = 00:00:00 ; elapsed = 00:00:00.028 . Memory (MB): peak = 3478.285 ; gain = 0.000
launch_runs impl_1 -to_step write_bitstream -jobs 10
[Wed Nov 27 16:32:26 2024] Launched impl_1...
Run output will be captured here: C:/Users/sk08996/Downloads/Plinko-DLD-Project-Scoring/Plinko-DLD-Project-Scoring/dldProject.runs/impl_1/runme.log
set_property PROBES.FILE {} [get_hw_devices xc7a35t_0]
set_property FULL_PROBES.FILE {} [get_hw_devices xc7a35t_0]
set_property PROGRAM.FILE {C:/Users/sk08996/Downloads/Plinko-DLD-Project-Scoring/Plinko-DLD-Project-Scoring/dldProject.runs/impl_1/TopLevelModule.bit} [get_hw_devices xc7a35t_0]
program_hw_devices [get_hw_devices xc7a35t_0]
INFO: [Labtools 27-3164] End of startup status: HIGH
refresh_hw_device [lindex [get_hw_devices xc7a35t_0] 0]
INFO: [Labtools 27-1434] Device xc7a35t (JTAG device index = 0) is programmed with a design that has no supported debug core(s) in it.
reset_run synth_1
launch_runs synth_1 -jobs 10
[Wed Nov 27 16:34:43 2024] Launched synth_1...
Run output will be captured here: C:/Users/sk08996/Downloads/Plinko-DLD-Project-Scoring/Plinko-DLD-Project-Scoring/dldProject.runs/synth_1/runme.log
launch_runs impl_1 -jobs 10
[Wed Nov 27 16:35:12 2024] Launched impl_1...
Run output will be captured here: C:/Users/sk08996/Downloads/Plinko-DLD-Project-Scoring/Plinko-DLD-Project-Scoring/dldProject.runs/impl_1/runme.log
launch_runs impl_1 -to_step write_bitstream -jobs 10
[Wed Nov 27 16:35:55 2024] Launched impl_1...
Run output will be captured here: C:/Users/sk08996/Downloads/Plinko-DLD-Project-Scoring/Plinko-DLD-Project-Scoring/dldProject.runs/impl_1/runme.log
set_property PROBES.FILE {} [get_hw_devices xc7a35t_0]
set_property FULL_PROBES.FILE {} [get_hw_devices xc7a35t_0]
set_property PROGRAM.FILE {C:/Users/sk08996/Downloads/Plinko-DLD-Project-Scoring/Plinko-DLD-Project-Scoring/dldProject.runs/impl_1/TopLevelModule.bit} [get_hw_devices xc7a35t_0]
program_hw_devices [get_hw_devices xc7a35t_0]
INFO: [Labtools 27-3164] End of startup status: HIGH
refresh_hw_device [lindex [get_hw_devices xc7a35t_0] 0]
INFO: [Labtools 27-1434] Device xc7a35t (JTAG device index = 0) is programmed with a design that has no supported debug core(s) in it.
undo
INFO: [Common 17-17] undo 'set_property PROGRAM.FILE {C:/Users/sk08996/Downloads/Plinko-DLD-Project-Scoring/Plinko-DLD-Project-Scoring/dldProject.runs/impl_1/TopLevelModule.bit} [get_hw_devices xc7a35t_0]'
close [ open C:/Users/sk08996/Downloads/Plinko-DLD-Project-Scoring/Plinko-DLD-Project-Scoring/dldProject.srcs/sources_1/new/testing.v w ]
add_files C:/Users/sk08996/Downloads/Plinko-DLD-Project-Scoring/Plinko-DLD-Project-Scoring/dldProject.srcs/sources_1/new/testing.v
update_compile_order -fileset sources_1
update_compile_order -fileset sources_1
reset_run synth_1
launch_runs synth_1 -jobs 10
[Wed Nov 27 16:45:33 2024] Launched synth_1...
Run output will be captured here: C:/Users/sk08996/Downloads/Plinko-DLD-Project-Scoring/Plinko-DLD-Project-Scoring/dldProject.runs/synth_1/runme.log
launch_runs impl_1 -jobs 10
[Wed Nov 27 16:46:15 2024] Launched impl_1...
Run output will be captured here: C:/Users/sk08996/Downloads/Plinko-DLD-Project-Scoring/Plinko-DLD-Project-Scoring/dldProject.runs/impl_1/runme.log
launch_runs impl_1 -to_step write_bitstream -jobs 10
[Wed Nov 27 16:47:01 2024] Launched impl_1...
Run output will be captured here: C:/Users/sk08996/Downloads/Plinko-DLD-Project-Scoring/Plinko-DLD-Project-Scoring/dldProject.runs/impl_1/runme.log
set_property PROBES.FILE {} [get_hw_devices xc7a35t_0]
set_property FULL_PROBES.FILE {} [get_hw_devices xc7a35t_0]
set_property PROGRAM.FILE {C:/Users/sk08996/Downloads/Plinko-DLD-Project-Scoring/Plinko-DLD-Project-Scoring/dldProject.runs/impl_1/TopLevelModule.bit} [get_hw_devices xc7a35t_0]
program_hw_devices [get_hw_devices xc7a35t_0]
ERROR: [Labtools 27-3165] End of startup status: LOW
ERROR: [Common 17-39] 'program_hw_devices' failed due to earlier errors.
set_property PROBES.FILE {} [get_hw_devices xc7a35t_0]
set_property FULL_PROBES.FILE {} [get_hw_devices xc7a35t_0]
set_property PROGRAM.FILE {C:/Users/sk08996/Downloads/Plinko-DLD-Project-Scoring/Plinko-DLD-Project-Scoring/dldProject.runs/impl_1/TopLevelModule.bit} [get_hw_devices xc7a35t_0]
program_hw_devices [get_hw_devices xc7a35t_0]
ERROR: [Labtools 27-3165] End of startup status: LOW
ERROR: [Common 17-39] 'program_hw_devices' failed due to earlier errors.
refresh_hw_device [lindex [get_hw_devices xc7a35t_0] 0]
ERROR: [Labtools 27-2312] Device xc7a35t_0 is no longer available.
Check cable connectivity and that the target board is powered up then
use the disconnect_hw_server and connect_hw_server to re-initialize the hardware target.
Use open_hw_target to re-register the hardware device.
close_hw_manager
open_hw_manager
connect_hw_server -allow_non_jtag
INFO: [Labtools 27-2285] Connecting to hw_server url TCP:localhost:3121
INFO: [Labtools 27-3415] Connecting to cs_server url TCP:localhost:3042
INFO: [Labtools 27-3414] Connected to existing cs_server.
open_hw_target
INFO: [Labtoolstcl 44-466] Opening hw_target localhost:3121/xilinx_tcf/Digilent/210183AF304FA
set_property PROGRAM.FILE {C:/Users/sk08996/Downloads/Plinko-DLD-Project-Scoring/Plinko-DLD-Project-Scoring/dldProject.runs/impl_1/TopLevelModule.bit} [get_hw_devices xc7a35t_0]
current_hw_device [get_hw_devices xc7a35t_0]
refresh_hw_device -update_hw_probes false [lindex [get_hw_devices xc7a35t_0] 0]
INFO: [Labtools 27-1434] Device xc7a35t (JTAG device index = 0) is programmed with a design that has no supported debug core(s) in it.
set_property PROBES.FILE {} [get_hw_devices xc7a35t_0]
set_property FULL_PROBES.FILE {} [get_hw_devices xc7a35t_0]
set_property PROGRAM.FILE {C:/Users/sk08996/Downloads/Plinko-DLD-Project-Scoring/Plinko-DLD-Project-Scoring/dldProject.runs/impl_1/TopLevelModule.bit} [get_hw_devices xc7a35t_0]
program_hw_devices [get_hw_devices xc7a35t_0]
INFO: [Labtools 27-3164] End of startup status: HIGH
refresh_hw_device [lindex [get_hw_devices xc7a35t_0] 0]
INFO: [Labtools 27-1434] Device xc7a35t (JTAG device index = 0) is programmed with a design that has no supported debug core(s) in it.
update_compile_order -fileset sources_1
reset_run synth_1
launch_runs synth_1 -jobs 10
[Wed Nov 27 16:51:12 2024] Launched synth_1...
Run output will be captured here: C:/Users/sk08996/Downloads/Plinko-DLD-Project-Scoring/Plinko-DLD-Project-Scoring/dldProject.runs/synth_1/runme.log
launch_runs impl_1 -jobs 10
[Wed Nov 27 16:51:41 2024] Launched impl_1...
Run output will be captured here: C:/Users/sk08996/Downloads/Plinko-DLD-Project-Scoring/Plinko-DLD-Project-Scoring/dldProject.runs/impl_1/runme.log
launch_runs impl_1 -to_step write_bitstream -jobs 10
[Wed Nov 27 16:52:21 2024] Launched impl_1...
Run output will be captured here: C:/Users/sk08996/Downloads/Plinko-DLD-Project-Scoring/Plinko-DLD-Project-Scoring/dldProject.runs/impl_1/runme.log
set_property PROBES.FILE {} [get_hw_devices xc7a35t_0]
set_property FULL_PROBES.FILE {} [get_hw_devices xc7a35t_0]
set_property PROGRAM.FILE {C:/Users/sk08996/Downloads/Plinko-DLD-Project-Scoring/Plinko-DLD-Project-Scoring/dldProject.runs/impl_1/TopLevelModule.bit} [get_hw_devices xc7a35t_0]
program_hw_devices [get_hw_devices xc7a35t_0]
INFO: [Labtools 27-3164] End of startup status: HIGH
refresh_hw_device [lindex [get_hw_devices xc7a35t_0] 0]
INFO: [Labtools 27-1434] Device xc7a35t (JTAG device index = 0) is programmed with a design that has no supported debug core(s) in it.
set_property PROBES.FILE {} [get_hw_devices xc7a35t_0]
set_property FULL_PROBES.FILE {} [get_hw_devices xc7a35t_0]
set_property PROGRAM.FILE {C:/Users/sk08996/Downloads/Plinko-DLD-Project-Scoring/Plinko-DLD-Project-Scoring/dldProject.runs/impl_1/TopLevelModule.bit} [get_hw_devices xc7a35t_0]
program_hw_devices [get_hw_devices xc7a35t_0]
INFO: [Labtools 27-3164] End of startup status: HIGH
refresh_hw_device [lindex [get_hw_devices xc7a35t_0] 0]
INFO: [Labtools 27-1434] Device xc7a35t (JTAG device index = 0) is programmed with a design that has no supported debug core(s) in it.
update_compile_order -fileset sources_1
reset_run synth_1
launch_runs synth_1 -jobs 10
[Wed Nov 27 16:55:14 2024] Launched synth_1...
Run output will be captured here: C:/Users/sk08996/Downloads/Plinko-DLD-Project-Scoring/Plinko-DLD-Project-Scoring/dldProject.runs/synth_1/runme.log
launch_runs impl_1 -jobs 10
[Wed Nov 27 16:55:42 2024] Launched impl_1...
Run output will be captured here: C:/Users/sk08996/Downloads/Plinko-DLD-Project-Scoring/Plinko-DLD-Project-Scoring/dldProject.runs/impl_1/runme.log
launch_runs impl_1 -to_step write_bitstream -jobs 10
[Wed Nov 27 16:56:28 2024] Launched impl_1...
Run output will be captured here: C:/Users/sk08996/Downloads/Plinko-DLD-Project-Scoring/Plinko-DLD-Project-Scoring/dldProject.runs/impl_1/runme.log
set_property PROBES.FILE {} [get_hw_devices xc7a35t_0]
set_property FULL_PROBES.FILE {} [get_hw_devices xc7a35t_0]
set_property PROGRAM.FILE {C:/Users/sk08996/Downloads/Plinko-DLD-Project-Scoring/Plinko-DLD-Project-Scoring/dldProject.runs/impl_1/TopLevelModule.bit} [get_hw_devices xc7a35t_0]
program_hw_devices [get_hw_devices xc7a35t_0]
INFO: [Labtools 27-3164] End of startup status: HIGH
refresh_hw_device [lindex [get_hw_devices xc7a35t_0] 0]
INFO: [Labtools 27-1434] Device xc7a35t (JTAG device index = 0) is programmed with a design that has no supported debug core(s) in it.
set_property PROBES.FILE {} [get_hw_devices xc7a35t_0]
set_property FULL_PROBES.FILE {} [get_hw_devices xc7a35t_0]
set_property PROGRAM.FILE {C:/Users/sk08996/Downloads/Plinko-DLD-Project-Scoring/Plinko-DLD-Project-Scoring/dldProject.runs/impl_1/TopLevelModule.bit} [get_hw_devices xc7a35t_0]
program_hw_devices [get_hw_devices xc7a35t_0]
INFO: [Labtools 27-3164] End of startup status: HIGH
refresh_hw_device [lindex [get_hw_devices xc7a35t_0] 0]
INFO: [Labtools 27-1434] Device xc7a35t (JTAG device index = 0) is programmed with a design that has no supported debug core(s) in it.
reset_run synth_1
launch_runs synth_1 -jobs 10
[Wed Nov 27 16:58:35 2024] Launched synth_1...
Run output will be captured here: C:/Users/sk08996/Downloads/Plinko-DLD-Project-Scoring/Plinko-DLD-Project-Scoring/dldProject.runs/synth_1/runme.log
launch_runs impl_1 -jobs 10
[Wed Nov 27 16:59:07 2024] Launched impl_1...
Run output will be captured here: C:/Users/sk08996/Downloads/Plinko-DLD-Project-Scoring/Plinko-DLD-Project-Scoring/dldProject.runs/impl_1/runme.log
launch_runs impl_1 -to_step write_bitstream -jobs 10
[Wed Nov 27 16:59:56 2024] Launched impl_1...
Run output will be captured here: C:/Users/sk08996/Downloads/Plinko-DLD-Project-Scoring/Plinko-DLD-Project-Scoring/dldProject.runs/impl_1/runme.log
set_property PROBES.FILE {} [get_hw_devices xc7a35t_0]
set_property FULL_PROBES.FILE {} [get_hw_devices xc7a35t_0]
set_property PROGRAM.FILE {C:/Users/sk08996/Downloads/Plinko-DLD-Project-Scoring/Plinko-DLD-Project-Scoring/dldProject.runs/impl_1/TopLevelModule.bit} [get_hw_devices xc7a35t_0]
program_hw_devices [get_hw_devices xc7a35t_0]
INFO: [Labtools 27-3164] End of startup status: HIGH
refresh_hw_device [lindex [get_hw_devices xc7a35t_0] 0]
INFO: [Labtools 27-1434] Device xc7a35t (JTAG device index = 0) is programmed with a design that has no supported debug core(s) in it.
update_compile_order -fileset sources_1
reset_run synth_1
launch_runs synth_1 -jobs 10
CRITICAL WARNING: [HDL 9-806] Syntax error near "endmodule". [C:/Users/sk08996/Downloads/Plinko-DLD-Project-Scoring/Plinko-DLD-Project-Scoring/dldProject.srcs/sources_1/new/endscreen_gen.v:292]
[Wed Nov 27 17:04:29 2024] Launched synth_1...
Run output will be captured here: C:/Users/sk08996/Downloads/Plinko-DLD-Project-Scoring/Plinko-DLD-Project-Scoring/dldProject.runs/synth_1/runme.log
reset_run synth_1
launch_runs synth_1 -jobs 10
[Wed Nov 27 17:05:48 2024] Launched synth_1...
Run output will be captured here: C:/Users/sk08996/Downloads/Plinko-DLD-Project-Scoring/Plinko-DLD-Project-Scoring/dldProject.runs/synth_1/runme.log
launch_runs impl_1 -jobs 10
[Wed Nov 27 17:06:16 2024] Launched impl_1...
Run output will be captured here: C:/Users/sk08996/Downloads/Plinko-DLD-Project-Scoring/Plinko-DLD-Project-Scoring/dldProject.runs/impl_1/runme.log
launch_runs impl_1 -to_step write_bitstream -jobs 10
[Wed Nov 27 17:06:59 2024] Launched impl_1...
Run output will be captured here: C:/Users/sk08996/Downloads/Plinko-DLD-Project-Scoring/Plinko-DLD-Project-Scoring/dldProject.runs/impl_1/runme.log
set_property PROBES.FILE {} [get_hw_devices xc7a35t_0]
set_property FULL_PROBES.FILE {} [get_hw_devices xc7a35t_0]
set_property PROGRAM.FILE {C:/Users/sk08996/Downloads/Plinko-DLD-Project-Scoring/Plinko-DLD-Project-Scoring/dldProject.runs/impl_1/TopLevelModule.bit} [get_hw_devices xc7a35t_0]
program_hw_devices [get_hw_devices xc7a35t_0]
INFO: [Labtools 27-3164] End of startup status: HIGH
refresh_hw_device [lindex [get_hw_devices xc7a35t_0] 0]
INFO: [Labtools 27-1434] Device xc7a35t (JTAG device index = 0) is programmed with a design that has no supported debug core(s) in it.
ERROR: [Labtoolstcl 44-513] HW Target shutdown. Closing target: localhost:3121/xilinx_tcf/Digilent/210183AF304FA
reset_run synth_1
launch_runs synth_1 -jobs 10
[Wed Nov 27 17:12:59 2024] Launched synth_1...
Run output will be captured here: C:/Users/sk08996/Downloads/Plinko-DLD-Project-Scoring/Plinko-DLD-Project-Scoring/dldProject.runs/synth_1/runme.log
launch_runs impl_1 -jobs 10
[Wed Nov 27 17:13:30 2024] Launched impl_1...
Run output will be captured here: C:/Users/sk08996/Downloads/Plinko-DLD-Project-Scoring/Plinko-DLD-Project-Scoring/dldProject.runs/impl_1/runme.log
launch_runs impl_1 -to_step write_bitstream -jobs 10
[Wed Nov 27 17:14:11 2024] Launched impl_1...
Run output will be captured here: C:/Users/sk08996/Downloads/Plinko-DLD-Project-Scoring/Plinko-DLD-Project-Scoring/dldProject.runs/impl_1/runme.log
INFO: [Labtoolstcl 44-466] Opening hw_target localhost:3121/xilinx_tcf/Digilent/210183AF304FA
INFO: [Labtools 27-1434] Device xc7a35t (JTAG device index = 0) is programmed with a design that has no supported debug core(s) in it.
WARNING: [Labtoolstcl 44-129] No matching hw_ila_data was found.
set_property PROBES.FILE {} [get_hw_devices xc7a35t_0]
set_property FULL_PROBES.FILE {} [get_hw_devices xc7a35t_0]
set_property PROGRAM.FILE {C:/Users/sk08996/Downloads/Plinko-DLD-Project-Scoring/Plinko-DLD-Project-Scoring/dldProject.runs/impl_1/TopLevelModule.bit} [get_hw_devices xc7a35t_0]
program_hw_devices [get_hw_devices xc7a35t_0]
INFO: [Labtools 27-3164] End of startup status: HIGH
refresh_hw_device [lindex [get_hw_devices xc7a35t_0] 0]
INFO: [Labtools 27-1434] Device xc7a35t (JTAG device index = 0) is programmed with a design that has no supported debug core(s) in it.
refresh_hw_device [lindex [get_hw_devices xc7a35t_0] 0]
INFO: [Labtools 27-1434] Device xc7a35t (JTAG device index = 0) is programmed with a design that has no supported debug core(s) in it.
ERROR: [Labtoolstcl 44-513] HW Target shutdown. Closing target: localhost:3121/xilinx_tcf/Digilent/210183AF304FA
update_compile_order -fileset sources_1
reset_run synth_1
INFO: [Labtoolstcl 44-466] Opening hw_target localhost:3121/xilinx_tcf/Digilent/210183AF304FA
INFO: [Labtools 27-1434] Device xc7a35t (JTAG device index = 0) is programmed with a design that has no supported debug core(s) in it.
WARNING: [Labtoolstcl 44-129] No matching hw_ila_data was found.
launch_runs synth_1 -jobs 10
[Wed Nov 27 17:38:38 2024] Launched synth_1...
Run output will be captured here: C:/Users/sk08996/Downloads/Plinko-DLD-Project-Scoring/Plinko-DLD-Project-Scoring/dldProject.runs/synth_1/runme.log
launch_runs impl_1 -jobs 10
[Wed Nov 27 17:40:15 2024] Launched impl_1...
Run output will be captured here: C:/Users/sk08996/Downloads/Plinko-DLD-Project-Scoring/Plinko-DLD-Project-Scoring/dldProject.runs/impl_1/runme.log
launch_runs impl_1 -to_step write_bitstream -jobs 10
[Wed Nov 27 17:40:56 2024] Launched impl_1...
Run output will be captured here: C:/Users/sk08996/Downloads/Plinko-DLD-Project-Scoring/Plinko-DLD-Project-Scoring/dldProject.runs/impl_1/runme.log
set_property PROBES.FILE {} [get_hw_devices xc7a35t_0]
set_property FULL_PROBES.FILE {} [get_hw_devices xc7a35t_0]
set_property PROGRAM.FILE {C:/Users/sk08996/Downloads/Plinko-DLD-Project-Scoring/Plinko-DLD-Project-Scoring/dldProject.runs/impl_1/TopLevelModule.bit} [get_hw_devices xc7a35t_0]
program_hw_devices [get_hw_devices xc7a35t_0]
INFO: [Labtools 27-3164] End of startup status: HIGH
refresh_hw_device [lindex [get_hw_devices xc7a35t_0] 0]
INFO: [Labtools 27-1434] Device xc7a35t (JTAG device index = 0) is programmed with a design that has no supported debug core(s) in it.
ERROR: [Labtoolstcl 44-513] HW Target shutdown. Closing target: localhost:3121/xilinx_tcf/Digilent/210183AF304FA
reset_run synth_1
launch_runs synth_1 -jobs 10
[Wed Nov 27 17:53:34 2024] Launched synth_1...
Run output will be captured here: C:/Users/sk08996/Downloads/Plinko-DLD-Project-Scoring/Plinko-DLD-Project-Scoring/dldProject.runs/synth_1/runme.log
reset_run synth_1
WARNING: [Vivado 12-1017] Problems encountered:
1. Failed to delete one or more files in run directory C:/Users/sk08996/Downloads/Plinko-DLD-Project-Scoring/Plinko-DLD-Project-Scoring/dldProject.runs/synth_1

update_compile_order -fileset sources_1
launch_runs synth_1 -jobs 10
[Wed Nov 27 17:54:01 2024] Launched synth_1...
Run output will be captured here: C:/Users/sk08996/Downloads/Plinko-DLD-Project-Scoring/Plinko-DLD-Project-Scoring/dldProject.runs/synth_1/runme.log
launch_runs impl_1 -to_step write_bitstream -jobs 10
[Wed Nov 27 17:54:42 2024] Launched impl_1...
Run output will be captured here: C:/Users/sk08996/Downloads/Plinko-DLD-Project-Scoring/Plinko-DLD-Project-Scoring/dldProject.runs/impl_1/runme.log
INFO: [Labtoolstcl 44-466] Opening hw_target localhost:3121/xilinx_tcf/Digilent/210183AF304FA
INFO: [Labtools 27-1434] Device xc7a35t (JTAG device index = 0) is programmed with a design that has no supported debug core(s) in it.
WARNING: [Labtoolstcl 44-129] No matching hw_ila_data was found.
set_property PROBES.FILE {} [get_hw_devices xc7a35t_0]
set_property FULL_PROBES.FILE {} [get_hw_devices xc7a35t_0]
set_property PROGRAM.FILE {C:/Users/sk08996/Downloads/Plinko-DLD-Project-Scoring/Plinko-DLD-Project-Scoring/dldProject.runs/impl_1/TopLevelModule.bit} [get_hw_devices xc7a35t_0]
program_hw_devices [get_hw_devices xc7a35t_0]
INFO: [Labtools 27-3164] End of startup status: HIGH
refresh_hw_device [lindex [get_hw_devices xc7a35t_0] 0]
INFO: [Labtools 27-1434] Device xc7a35t (JTAG device index = 0) is programmed with a design that has no supported debug core(s) in it.
ERROR: [Labtoolstcl 44-513] HW Target shutdown. Closing target: localhost:3121/xilinx_tcf/Digilent/210183AF304FA
INFO: [Labtoolstcl 44-466] Opening hw_target localhost:3121/xilinx_tcf/Digilent/210183AF304FA
INFO: [Labtools 27-1435] Device xc7a35t (JTAG device index = 0) is not programmed (DONE status = 0).
WARNING: [Labtoolstcl 44-129] No matching hw_ila_data was found.
ERROR: [Labtoolstcl 44-513] HW Target shutdown. Closing target: localhost:3121/xilinx_tcf/Digilent/210183AF304FA
INFO: [Labtoolstcl 44-466] Opening hw_target localhost:3121/xilinx_tcf/Digilent/210183AF304FA
INFO: [Labtools 27-1434] Device xc7a35t (JTAG device index = 0) is programmed with a design that has no supported debug core(s) in it.
WARNING: [Labtoolstcl 44-129] No matching hw_ila_data was found.
reset_run synth_1
launch_runs synth_1 -jobs 10
[Wed Nov 27 18:06:36 2024] Launched synth_1...
Run output will be captured here: C:/Users/sk08996/Downloads/Plinko-DLD-Project-Scoring/Plinko-DLD-Project-Scoring/dldProject.runs/synth_1/runme.log
launch_runs impl_1 -to_step write_bitstream -jobs 10
[Wed Nov 27 18:07:06 2024] Launched impl_1...
Run output will be captured here: C:/Users/sk08996/Downloads/Plinko-DLD-Project-Scoring/Plinko-DLD-Project-Scoring/dldProject.runs/impl_1/runme.log
set_property PROBES.FILE {} [get_hw_devices xc7a35t_0]
set_property FULL_PROBES.FILE {} [get_hw_devices xc7a35t_0]
set_property PROGRAM.FILE {C:/Users/sk08996/Downloads/Plinko-DLD-Project-Scoring/Plinko-DLD-Project-Scoring/dldProject.runs/impl_1/TopLevelModule.bit} [get_hw_devices xc7a35t_0]
program_hw_devices [get_hw_devices xc7a35t_0]
INFO: [Labtools 27-3164] End of startup status: HIGH
refresh_hw_device [lindex [get_hw_devices xc7a35t_0] 0]
INFO: [Labtools 27-1434] Device xc7a35t (JTAG device index = 0) is programmed with a design that has no supported debug core(s) in it.
set_property PROBES.FILE {} [get_hw_devices xc7a35t_0]
set_property FULL_PROBES.FILE {} [get_hw_devices xc7a35t_0]
set_property PROGRAM.FILE {C:/Users/sk08996/Downloads/Plinko-DLD-Project-Scoring/Plinko-DLD-Project-Scoring/dldProject.runs/impl_1/TopLevelModule.bit} [get_hw_devices xc7a35t_0]
program_hw_devices [get_hw_devices xc7a35t_0]
INFO: [Labtools 27-3164] End of startup status: HIGH
refresh_hw_device [lindex [get_hw_devices xc7a35t_0] 0]
INFO: [Labtools 27-1434] Device xc7a35t (JTAG device index = 0) is programmed with a design that has no supported debug core(s) in it.
set_property PROBES.FILE {} [get_hw_devices xc7a35t_0]
set_property FULL_PROBES.FILE {} [get_hw_devices xc7a35t_0]
set_property PROGRAM.FILE {C:/Users/sk08996/Downloads/Plinko-DLD-Project-Scoring/Plinko-DLD-Project-Scoring/dldProject.runs/impl_1/TopLevelModule.bit} [get_hw_devices xc7a35t_0]
program_hw_devices [get_hw_devices xc7a35t_0]
INFO: [Labtools 27-3164] End of startup status: HIGH
refresh_hw_device [lindex [get_hw_devices xc7a35t_0] 0]
INFO: [Labtools 27-1434] Device xc7a35t (JTAG device index = 0) is programmed with a design that has no supported debug core(s) in it.
reset_run synth_1
launch_runs impl_1 -to_step write_bitstream -jobs 10
[Wed Nov 27 18:11:11 2024] Launched synth_1...
Run output will be captured here: C:/Users/sk08996/Downloads/Plinko-DLD-Project-Scoring/Plinko-DLD-Project-Scoring/dldProject.runs/synth_1/runme.log
[Wed Nov 27 18:11:11 2024] Launched impl_1...
Run output will be captured here: C:/Users/sk08996/Downloads/Plinko-DLD-Project-Scoring/Plinko-DLD-Project-Scoring/dldProject.runs/impl_1/runme.log
set_property PROBES.FILE {} [get_hw_devices xc7a35t_0]
set_property FULL_PROBES.FILE {} [get_hw_devices xc7a35t_0]
set_property PROGRAM.FILE {C:/Users/sk08996/Downloads/Plinko-DLD-Project-Scoring/Plinko-DLD-Project-Scoring/dldProject.runs/impl_1/TopLevelModule.bit} [get_hw_devices xc7a35t_0]
program_hw_devices [get_hw_devices xc7a35t_0]
INFO: [Labtools 27-3164] End of startup status: HIGH
refresh_hw_device [lindex [get_hw_devices xc7a35t_0] 0]
INFO: [Labtools 27-1434] Device xc7a35t (JTAG device index = 0) is programmed with a design that has no supported debug core(s) in it.
reset_run synth_1
launch_runs impl_1 -to_step write_bitstream -jobs 10
[Wed Nov 27 18:16:55 2024] Launched synth_1...
Run output will be captured here: C:/Users/sk08996/Downloads/Plinko-DLD-Project-Scoring/Plinko-DLD-Project-Scoring/dldProject.runs/synth_1/runme.log
[Wed Nov 27 18:16:55 2024] Launched impl_1...
Run output will be captured here: C:/Users/sk08996/Downloads/Plinko-DLD-Project-Scoring/Plinko-DLD-Project-Scoring/dldProject.runs/impl_1/runme.log
set_property PROBES.FILE {} [get_hw_devices xc7a35t_0]
set_property FULL_PROBES.FILE {} [get_hw_devices xc7a35t_0]
set_property PROGRAM.FILE {C:/Users/sk08996/Downloads/Plinko-DLD-Project-Scoring/Plinko-DLD-Project-Scoring/dldProject.runs/impl_1/TopLevelModule.bit} [get_hw_devices xc7a35t_0]
program_hw_devices [get_hw_devices xc7a35t_0]
INFO: [Labtools 27-3164] End of startup status: HIGH
refresh_hw_device [lindex [get_hw_devices xc7a35t_0] 0]
INFO: [Labtools 27-1434] Device xc7a35t (JTAG device index = 0) is programmed with a design that has no supported debug core(s) in it.
reset_run synth_1
launch_runs impl_1 -to_step write_bitstream -jobs 10
[Wed Nov 27 18:18:27 2024] Launched synth_1...
Run output will be captured here: C:/Users/sk08996/Downloads/Plinko-DLD-Project-Scoring/Plinko-DLD-Project-Scoring/dldProject.runs/synth_1/runme.log
[Wed Nov 27 18:18:27 2024] Launched impl_1...
Run output will be captured here: C:/Users/sk08996/Downloads/Plinko-DLD-Project-Scoring/Plinko-DLD-Project-Scoring/dldProject.runs/impl_1/runme.log
set_property PROBES.FILE {} [get_hw_devices xc7a35t_0]
set_property FULL_PROBES.FILE {} [get_hw_devices xc7a35t_0]
set_property PROGRAM.FILE {C:/Users/sk08996/Downloads/Plinko-DLD-Project-Scoring/Plinko-DLD-Project-Scoring/dldProject.runs/impl_1/TopLevelModule.bit} [get_hw_devices xc7a35t_0]
program_hw_devices [get_hw_devices xc7a35t_0]
INFO: [Labtools 27-3164] End of startup status: HIGH
refresh_hw_device [lindex [get_hw_devices xc7a35t_0] 0]
INFO: [Labtools 27-1434] Device xc7a35t (JTAG device index = 0) is programmed with a design that has no supported debug core(s) in it.
set_property PROBES.FILE {} [get_hw_devices xc7a35t_0]
set_property FULL_PROBES.FILE {} [get_hw_devices xc7a35t_0]
set_property PROGRAM.FILE {C:/Users/sk08996/Downloads/Plinko-DLD-Project-Scoring/Plinko-DLD-Project-Scoring/dldProject.runs/impl_1/TopLevelModule.bit} [get_hw_devices xc7a35t_0]
program_hw_devices [get_hw_devices xc7a35t_0]
INFO: [Labtools 27-3164] End of startup status: HIGH
refresh_hw_device [lindex [get_hw_devices xc7a35t_0] 0]
INFO: [Labtools 27-1434] Device xc7a35t (JTAG device index = 0) is programmed with a design that has no supported debug core(s) in it.
reset_run synth_1
launch_runs impl_1 -to_step write_bitstream -jobs 10
[Wed Nov 27 18:20:52 2024] Launched synth_1...
Run output will be captured here: C:/Users/sk08996/Downloads/Plinko-DLD-Project-Scoring/Plinko-DLD-Project-Scoring/dldProject.runs/synth_1/runme.log
[Wed Nov 27 18:20:52 2024] Launched impl_1...
Run output will be captured here: C:/Users/sk08996/Downloads/Plinko-DLD-Project-Scoring/Plinko-DLD-Project-Scoring/dldProject.runs/impl_1/runme.log
set_property PROBES.FILE {} [get_hw_devices xc7a35t_0]
set_property FULL_PROBES.FILE {} [get_hw_devices xc7a35t_0]
set_property PROGRAM.FILE {C:/Users/sk08996/Downloads/Plinko-DLD-Project-Scoring/Plinko-DLD-Project-Scoring/dldProject.runs/impl_1/TopLevelModule.bit} [get_hw_devices xc7a35t_0]
program_hw_devices [get_hw_devices xc7a35t_0]
INFO: [Labtools 27-3164] End of startup status: HIGH
refresh_hw_device [lindex [get_hw_devices xc7a35t_0] 0]
INFO: [Labtools 27-1434] Device xc7a35t (JTAG device index = 0) is programmed with a design that has no supported debug core(s) in it.
reset_run synth_1
launch_runs impl_1 -to_step write_bitstream -jobs 10
[Wed Nov 27 18:22:26 2024] Launched synth_1...
Run output will be captured here: C:/Users/sk08996/Downloads/Plinko-DLD-Project-Scoring/Plinko-DLD-Project-Scoring/dldProject.runs/synth_1/runme.log
[Wed Nov 27 18:22:26 2024] Launched impl_1...
Run output will be captured here: C:/Users/sk08996/Downloads/Plinko-DLD-Project-Scoring/Plinko-DLD-Project-Scoring/dldProject.runs/impl_1/runme.log
set_property PROBES.FILE {} [get_hw_devices xc7a35t_0]
set_property FULL_PROBES.FILE {} [get_hw_devices xc7a35t_0]
set_property PROGRAM.FILE {C:/Users/sk08996/Downloads/Plinko-DLD-Project-Scoring/Plinko-DLD-Project-Scoring/dldProject.runs/impl_1/TopLevelModule.bit} [get_hw_devices xc7a35t_0]
program_hw_devices [get_hw_devices xc7a35t_0]
INFO: [Labtools 27-3164] End of startup status: HIGH
refresh_hw_device [lindex [get_hw_devices xc7a35t_0] 0]
INFO: [Labtools 27-1434] Device xc7a35t (JTAG device index = 0) is programmed with a design that has no supported debug core(s) in it.
ERROR: [Labtoolstcl 44-513] HW Target shutdown. Closing target: localhost:3121/xilinx_tcf/Digilent/210183AF304FA
reset_run synth_1
launch_runs impl_1 -to_step write_bitstream -jobs 10
[Wed Nov 27 18:28:26 2024] Launched synth_1...
Run output will be captured here: C:/Users/sk08996/Downloads/Plinko-DLD-Project-Scoring/Plinko-DLD-Project-Scoring/dldProject.runs/synth_1/runme.log
[Wed Nov 27 18:28:26 2024] Launched impl_1...
Run output will be captured here: C:/Users/sk08996/Downloads/Plinko-DLD-Project-Scoring/Plinko-DLD-Project-Scoring/dldProject.runs/impl_1/runme.log
INFO: [Labtoolstcl 44-466] Opening hw_target localhost:3121/xilinx_tcf/Digilent/210183AF304FA
INFO: [Labtools 27-1434] Device xc7a35t (JTAG device index = 0) is programmed with a design that has no supported debug core(s) in it.
WARNING: [Labtoolstcl 44-129] No matching hw_ila_data was found.
set_property PROBES.FILE {} [get_hw_devices xc7a35t_0]
set_property FULL_PROBES.FILE {} [get_hw_devices xc7a35t_0]
set_property PROGRAM.FILE {C:/Users/sk08996/Downloads/Plinko-DLD-Project-Scoring/Plinko-DLD-Project-Scoring/dldProject.runs/impl_1/TopLevelModule.bit} [get_hw_devices xc7a35t_0]
program_hw_devices [get_hw_devices xc7a35t_0]
INFO: [Labtools 27-3164] End of startup status: HIGH
refresh_hw_device [lindex [get_hw_devices xc7a35t_0] 0]
INFO: [Labtools 27-1434] Device xc7a35t (JTAG device index = 0) is programmed with a design that has no supported debug core(s) in it.
reset_run synth_1
launch_runs impl_1 -to_step write_bitstream -jobs 10
[Wed Nov 27 18:30:30 2024] Launched synth_1...
Run output will be captured here: C:/Users/sk08996/Downloads/Plinko-DLD-Project-Scoring/Plinko-DLD-Project-Scoring/dldProject.runs/synth_1/runme.log
[Wed Nov 27 18:30:30 2024] Launched impl_1...
Run output will be captured here: C:/Users/sk08996/Downloads/Plinko-DLD-Project-Scoring/Plinko-DLD-Project-Scoring/dldProject.runs/impl_1/runme.log
set_property PROBES.FILE {} [get_hw_devices xc7a35t_0]
set_property FULL_PROBES.FILE {} [get_hw_devices xc7a35t_0]
set_property PROGRAM.FILE {C:/Users/sk08996/Downloads/Plinko-DLD-Project-Scoring/Plinko-DLD-Project-Scoring/dldProject.runs/impl_1/TopLevelModule.bit} [get_hw_devices xc7a35t_0]
program_hw_devices [get_hw_devices xc7a35t_0]
INFO: [Labtools 27-3164] End of startup status: HIGH
refresh_hw_device [lindex [get_hw_devices xc7a35t_0] 0]
INFO: [Labtools 27-1434] Device xc7a35t (JTAG device index = 0) is programmed with a design that has no supported debug core(s) in it.
reset_run synth_1
launch_runs impl_1 -to_step write_bitstream -jobs 10
[Wed Nov 27 18:34:05 2024] Launched synth_1...
Run output will be captured here: C:/Users/sk08996/Downloads/Plinko-DLD-Project-Scoring/Plinko-DLD-Project-Scoring/dldProject.runs/synth_1/runme.log
[Wed Nov 27 18:34:05 2024] Launched impl_1...
Run output will be captured here: C:/Users/sk08996/Downloads/Plinko-DLD-Project-Scoring/Plinko-DLD-Project-Scoring/dldProject.runs/impl_1/runme.log
set_property PROBES.FILE {} [get_hw_devices xc7a35t_0]
set_property FULL_PROBES.FILE {} [get_hw_devices xc7a35t_0]
set_property PROGRAM.FILE {C:/Users/sk08996/Downloads/Plinko-DLD-Project-Scoring/Plinko-DLD-Project-Scoring/dldProject.runs/impl_1/TopLevelModule.bit} [get_hw_devices xc7a35t_0]
program_hw_devices [get_hw_devices xc7a35t_0]
INFO: [Labtools 27-3164] End of startup status: HIGH
refresh_hw_device [lindex [get_hw_devices xc7a35t_0] 0]
INFO: [Labtools 27-1434] Device xc7a35t (JTAG device index = 0) is programmed with a design that has no supported debug core(s) in it.
set_property PROBES.FILE {} [get_hw_devices xc7a35t_0]
set_property FULL_PROBES.FILE {} [get_hw_devices xc7a35t_0]
set_property PROGRAM.FILE {C:/Users/sk08996/Downloads/Plinko-DLD-Project-Scoring/Plinko-DLD-Project-Scoring/dldProject.runs/impl_1/TopLevelModule.bit} [get_hw_devices xc7a35t_0]
program_hw_devices [get_hw_devices xc7a35t_0]
INFO: [Labtools 27-3164] End of startup status: HIGH
refresh_hw_device [lindex [get_hw_devices xc7a35t_0] 0]
INFO: [Labtools 27-1434] Device xc7a35t (JTAG device index = 0) is programmed with a design that has no supported debug core(s) in it.
set_property PROBES.FILE {} [get_hw_devices xc7a35t_0]
set_property FULL_PROBES.FILE {} [get_hw_devices xc7a35t_0]
set_property PROGRAM.FILE {C:/Users/sk08996/Downloads/Plinko-DLD-Project-Scoring/Plinko-DLD-Project-Scoring/dldProject.runs/impl_1/TopLevelModule.bit} [get_hw_devices xc7a35t_0]
program_hw_devices [get_hw_devices xc7a35t_0]
INFO: [Labtools 27-3164] End of startup status: HIGH
refresh_hw_device [lindex [get_hw_devices xc7a35t_0] 0]
INFO: [Labtools 27-1434] Device xc7a35t (JTAG device index = 0) is programmed with a design that has no supported debug core(s) in it.
refresh_hw_device [lindex [get_hw_devices xc7a35t_0] 0]
INFO: [Labtools 27-1434] Device xc7a35t (JTAG device index = 0) is programmed with a design that has no supported debug core(s) in it.
set_property PROBES.FILE {} [get_hw_devices xc7a35t_0]
set_property FULL_PROBES.FILE {} [get_hw_devices xc7a35t_0]
set_property PROGRAM.FILE {C:/Users/sk08996/Downloads/Plinko-DLD-Project-Scoring/Plinko-DLD-Project-Scoring/dldProject.runs/impl_1/TopLevelModule.bit} [get_hw_devices xc7a35t_0]
program_hw_devices [get_hw_devices xc7a35t_0]
INFO: [Labtools 27-3164] End of startup status: HIGH
refresh_hw_device [lindex [get_hw_devices xc7a35t_0] 0]
INFO: [Labtools 27-1434] Device xc7a35t (JTAG device index = 0) is programmed with a design that has no supported debug core(s) in it.
reset_run synth_1
launch_runs impl_1 -to_step write_bitstream -jobs 10
[Wed Nov 27 18:36:29 2024] Launched synth_1...
Run output will be captured here: C:/Users/sk08996/Downloads/Plinko-DLD-Project-Scoring/Plinko-DLD-Project-Scoring/dldProject.runs/synth_1/runme.log
[Wed Nov 27 18:36:29 2024] Launched impl_1...
Run output will be captured here: C:/Users/sk08996/Downloads/Plinko-DLD-Project-Scoring/Plinko-DLD-Project-Scoring/dldProject.runs/impl_1/runme.log
set_property PROBES.FILE {} [get_hw_devices xc7a35t_0]
set_property FULL_PROBES.FILE {} [get_hw_devices xc7a35t_0]
set_property PROGRAM.FILE {C:/Users/sk08996/Downloads/Plinko-DLD-Project-Scoring/Plinko-DLD-Project-Scoring/dldProject.runs/impl_1/TopLevelModule.bit} [get_hw_devices xc7a35t_0]
program_hw_devices [get_hw_devices xc7a35t_0]
INFO: [Labtools 27-3164] End of startup status: HIGH
refresh_hw_device [lindex [get_hw_devices xc7a35t_0] 0]
INFO: [Labtools 27-1434] Device xc7a35t (JTAG device index = 0) is programmed with a design that has no supported debug core(s) in it.
ERROR: [Labtoolstcl 44-513] HW Target shutdown. Closing target: localhost:3121/xilinx_tcf/Digilent/210183AF304FA
INFO: [Labtoolstcl 44-466] Opening hw_target localhost:3121/xilinx_tcf/Digilent/210183AF304FA
INFO: [Labtools 27-1434] Device xc7a35t (JTAG device index = 0) is programmed with a design that has no supported debug core(s) in it.
WARNING: [Labtoolstcl 44-129] No matching hw_ila_data was found.
set_property PROBES.FILE {} [get_hw_devices xc7a35t_0]
set_property FULL_PROBES.FILE {} [get_hw_devices xc7a35t_0]
set_property PROGRAM.FILE {C:/Users/sk08996/Downloads/Plinko-DLD-Project-Scoring/Plinko-DLD-Project-Scoring/dldProject.runs/impl_1/TopLevelModule.bit} [get_hw_devices xc7a35t_0]
program_hw_devices [get_hw_devices xc7a35t_0]
INFO: [Labtools 27-3164] End of startup status: HIGH
refresh_hw_device [lindex [get_hw_devices xc7a35t_0] 0]
INFO: [Labtools 27-1434] Device xc7a35t (JTAG device index = 0) is programmed with a design that has no supported debug core(s) in it.
ERROR: [Labtoolstcl 44-513] HW Target shutdown. Closing target: localhost:3121/xilinx_tcf/Digilent/210183AF304FA
